[debug] [2021-07-22T12:49:25.486Z] ----------------------------------------------------------------------
[debug] [2021-07-22T12:49:25.488Z] Command:       /usr/local/bin/node /usr/local/bin/firebase deploy
[debug] [2021-07-22T12:49:25.488Z] CLI Version:   9.16.0
[debug] [2021-07-22T12:49:25.488Z] Platform:      darwin
[debug] [2021-07-22T12:49:25.488Z] Node Version:  v12.16.3
[debug] [2021-07-22T12:49:25.489Z] Time:          Thu Jul 22 2021 08:49:25 GMT-0400 (Eastern Daylight Time)
[debug] [2021-07-22T12:49:25.490Z] ----------------------------------------------------------------------
[debug] 
[debug] [2021-07-22T12:49:25.542Z] > command requires scopes: ["email","openid","https://www.googleapis.com/auth/cloudplatformprojects.readonly","https://www.googleapis.com/auth/firebase","https://www.googleapis.com/auth/cloud-platform"]
[debug] [2021-07-22T12:49:25.542Z] > authorizing via signed-in user (patel7darshan97@gmail.com)
[debug] [2021-07-22T12:49:25.542Z] [iam] checking project robinhood--97 for permissions ["firebase.projects.get","firebasehosting.sites.update"]
[debug] [2021-07-22T12:49:25.544Z] > refreshing access token with scopes: ["email","https://www.googleapis.com/auth/cloud-platform","https://www.googleapis.com/auth/cloudplatformprojects.readonly","https://www.googleapis.com/auth/firebase","openid"]
[debug] [2021-07-22T12:49:25.544Z] >>> HTTP REQUEST POST https://www.googleapis.com/oauth2/v3/token  
 <request body omitted>
[debug] [2021-07-22T12:49:25.685Z] <<< HTTP RESPONSE 200 {"date":"Thu, 22 Jul 2021 12:49:25 GMT","pragma":"no-cache","cache-control":"no-cache, no-store, max-age=0, must-revalidate","expires":"Mon, 01 Jan 1990 00:00:00 GMT","content-type":"application/json; charset=utf-8","vary":"X-Origin, Referer, Origin,Accept-Encoding","server":"scaffolding on HTTPServer2","x-xss-protection":"0","x-frame-options":"SAMEORIGIN","x-content-type-options":"nosniff","alt-svc":"h3=\":443\"; ma=2592000,h3-29=\":443\"; ma=2592000,h3-T051=\":443\"; ma=2592000,h3-Q050=\":443\"; ma=2592000,h3-Q046=\":443\"; ma=2592000,h3-Q043=\":443\"; ma=2592000,quic=\":443\"; ma=2592000; v=\"46,43\"","accept-ranges":"none","transfer-encoding":"chunked"}
[debug] [2021-07-22T12:49:25.730Z] >>> HTTP REQUEST POST https://cloudresourcemanager.googleapis.com/v1/projects/robinhood--97:testIamPermissions  
 {"permissions":["firebase.projects.get","firebasehosting.sites.update"]}
[debug] [2021-07-22T12:49:25.875Z] <<< HTTP RESPONSE 200 {"content-type":"application/json; charset=UTF-8","vary":"X-Origin, Referer, Origin,Accept-Encoding","date":"Thu, 22 Jul 2021 12:49:25 GMT","server":"ESF","cache-control":"private","x-xss-protection":"0","x-frame-options":"SAMEORIGIN","x-content-type-options":"nosniff","server-timing":"gfet4t7; dur=48","alt-svc":"h3=\":443\"; ma=2592000,h3-29=\":443\"; ma=2592000,h3-T051=\":443\"; ma=2592000,h3-Q050=\":443\"; ma=2592000,h3-Q046=\":443\"; ma=2592000,h3-Q043=\":443\"; ma=2592000,quic=\":443\"; ma=2592000; v=\"46,43\"","accept-ranges":"none","transfer-encoding":"chunked"}
[debug] [2021-07-22T12:49:25.876Z] > refreshing access token with scopes: []
[debug] [2021-07-22T12:49:25.877Z] >>> HTTP REQUEST POST https://www.googleapis.com/oauth2/v3/token  
 <request body omitted>
[debug] [2021-07-22T12:49:25.975Z] <<< HTTP RESPONSE 200 {"cache-control":"no-cache, no-store, max-age=0, must-revalidate","expires":"Mon, 01 Jan 1990 00:00:00 GMT","date":"Thu, 22 Jul 2021 12:49:26 GMT","pragma":"no-cache","content-type":"application/json; charset=utf-8","vary":"X-Origin, Referer, Origin,Accept-Encoding","server":"scaffolding on HTTPServer2","x-xss-protection":"0","x-frame-options":"SAMEORIGIN","x-content-type-options":"nosniff","alt-svc":"h3=\":443\"; ma=2592000,h3-29=\":443\"; ma=2592000,h3-T051=\":443\"; ma=2592000,h3-Q050=\":443\"; ma=2592000,h3-Q046=\":443\"; ma=2592000,h3-Q043=\":443\"; ma=2592000,quic=\":443\"; ma=2592000; v=\"46,43\"","accept-ranges":"none","transfer-encoding":"chunked"}
[debug] [2021-07-22T12:49:26.020Z] >>> [apiv2][query] GET https://firebase.googleapis.com/v1beta1/projects/robinhood--97 [none]
[debug] [2021-07-22T12:49:26.244Z] <<< [apiv2][status] GET https://firebase.googleapis.com/v1beta1/projects/robinhood--97 200
[debug] [2021-07-22T12:49:26.244Z] <<< [apiv2][body] GET https://firebase.googleapis.com/v1beta1/projects/robinhood--97 {"projectId":"robinhood--97","projectNumber":"900279756111","displayName":"Robinhood","name":"projects/robinhood--97","resources":{"hostingSite":"robinhood--97","realtimeDatabaseInstance":"robinhood--97-default-rtdb","storageBucket":"robinhood--97.appspot.com","locationId":"us-central"},"state":"ACTIVE"}
[info] 
[info] === Deploying to 'robinhood--97'...
[info] 
[info] i  deploying hosting 
[debug] [2021-07-22T12:49:26.247Z] > refreshing access token with scopes: ["email","https://www.googleapis.com/auth/cloud-platform","https://www.googleapis.com/auth/cloudplatformprojects.readonly","https://www.googleapis.com/auth/firebase","openid"]
[debug] [2021-07-22T12:49:26.247Z] >>> HTTP REQUEST POST https://www.googleapis.com/oauth2/v3/token  
 <request body omitted>
[debug] [2021-07-22T12:49:26.356Z] <<< HTTP RESPONSE 200 {"pragma":"no-cache","date":"Thu, 22 Jul 2021 12:49:26 GMT","expires":"Mon, 01 Jan 1990 00:00:00 GMT","cache-control":"no-cache, no-store, max-age=0, must-revalidate","content-type":"application/json; charset=utf-8","vary":"X-Origin, Referer, Origin,Accept-Encoding","server":"scaffolding on HTTPServer2","x-xss-protection":"0","x-frame-options":"SAMEORIGIN","x-content-type-options":"nosniff","alt-svc":"h3=\":443\"; ma=2592000,h3-29=\":443\"; ma=2592000,h3-T051=\":443\"; ma=2592000,h3-Q050=\":443\"; ma=2592000,h3-Q046=\":443\"; ma=2592000,h3-Q043=\":443\"; ma=2592000,quic=\":443\"; ma=2592000; v=\"46,43\"","accept-ranges":"none","transfer-encoding":"chunked"}
[debug] [2021-07-22T12:49:26.398Z] >>> HTTP REQUEST POST https://firebasehosting.googleapis.com/v1beta1/sites/robinhood--97/versions  
 {"config":{"rewrites":[{"glob":"**","path":"/index.html"}]},"labels":{"deployment-tool":"cli-firebase"}}
[debug] [2021-07-22T12:49:27.175Z] <<< HTTP RESPONSE 200 {"content-type":"application/json; charset=UTF-8","vary":"X-Origin, Referer, Origin,Accept-Encoding","date":"Thu, 22 Jul 2021 12:49:27 GMT","server":"ESF","cache-control":"private","x-xss-protection":"0","x-frame-options":"SAMEORIGIN","x-content-type-options":"nosniff","alt-svc":"h3=\":443\"; ma=2592000,h3-29=\":443\"; ma=2592000,h3-T051=\":443\"; ma=2592000,h3-Q050=\":443\"; ma=2592000,h3-Q046=\":443\"; ma=2592000,h3-Q043=\":443\"; ma=2592000,quic=\":443\"; ma=2592000; v=\"46,43\"","accept-ranges":"none","transfer-encoding":"chunked"}
[info] i  hosting[robinhood--97]: beginning deploy... 
[info] i  hosting[robinhood--97]: found 20 files in build 
[debug] [2021-07-22T12:49:30.326Z] > refreshing access token with scopes: []
[debug] [2021-07-22T12:49:30.327Z] >>> HTTP REQUEST POST https://www.googleapis.com/oauth2/v3/token  
 <request body omitted>
[debug] [2021-07-22T12:49:30.328Z] [hosting] hash cache [YnVpbGQ] stored for 20 files
[debug] [2021-07-22T12:49:30.328Z] [hosting][hash queue][FINAL] {"max":3136,"min":11,"avg":185.85,"active":0,"complete":20,"success":20,"errored":0,"retried":0,"total":20,"elapsed":3144}
[debug] [2021-07-22T12:49:30.424Z] <<< HTTP RESPONSE 200 {"expires":"Mon, 01 Jan 1990 00:00:00 GMT","date":"Thu, 22 Jul 2021 12:49:30 GMT","pragma":"no-cache","cache-control":"no-cache, no-store, max-age=0, must-revalidate","content-type":"application/json; charset=utf-8","vary":"X-Origin, Referer, Origin,Accept-Encoding","server":"scaffolding on HTTPServer2","x-xss-protection":"0","x-frame-options":"SAMEORIGIN","x-content-type-options":"nosniff","alt-svc":"h3=\":443\"; ma=2592000,h3-29=\":443\"; ma=2592000,h3-T051=\":443\"; ma=2592000,h3-Q050=\":443\"; ma=2592000,h3-Q046=\":443\"; ma=2592000,h3-Q043=\":443\"; ma=2592000,quic=\":443\"; ma=2592000; v=\"46,43\"","accept-ranges":"none","transfer-encoding":"chunked"}
[debug] [2021-07-22T12:49:30.465Z] >>> [apiv2][query] POST https://firebasehosting.googleapis.com/v1beta1/sites/robinhood--97/versions/c3ccee9a66d92cbf:populateFiles [none]
[debug] [2021-07-22T12:49:30.465Z] >>> [apiv2][body] POST https://firebasehosting.googleapis.com/v1beta1/sites/robinhood--97/versions/c3ccee9a66d92cbf:populateFiles {"files":{"/asset-manifest.json":"3272de51036c34afb7ea6c2ff267306dcd6bb5282b2c43a9a210b963c4b6541f","/index.html":"dae8e890ac8d2cce34600255ba771ad40e3655f9d3c9cd4b2f4c64bf7e54c1eb","/favicon.ico":"b72f7455f00e4e58792d2bca892abb068e2213838c0316d6b7a0d6d16acd1955","/static/css/2.637f5471.chunk.css":"96811511311b84dc13823659336b5da5f8d719741c2d70b91a916d5c4cc9c2fa","/static/css/2.637f5471.chunk.css.map":"b8c0ece852d9ed80c67d17d00c489c0dd77bbe46d485a4c9b1c1bf72dd39d2da","/manifest.json":"341d52628782f8ac9290bbfc43298afccb47b7cbfcee146ae30cf0f46bc30900","/logo192.png":"caff018b7f1e8fd481eb1c50d75b0ef236bcd5078b1d15c8bb348453fee30293","/static/css/main.7e72db67.chunk.css":"672f015629ce099cdb8eb1050f455c7143e9010783ecc2d457bb2ca7ee2b83c7","/static/js/2.dc897b73.chunk.js.LICENSE.txt":"512ff7469dc17b278648fcb1762852156d5403657c1d30f5549c330cb608015b","/logo512.png":"191fc21360b4ccfb1cda11a1efb97f489ed22672ca83f4064316802bbfdd750e","/static/css/main.7e72db67.chunk.css.map":"30208d94623750bbc9ccf1c1696e60e630b4bd4fdf86ff815c72b0113ed59909","/static/js/runtime-main.ef2ab544.js":"8a94b33132ef89a48a96ee4a58b0ff6975957e3ce31c3f97c91e2861d01e4b39","/static/js/runtime-main.ef2ab544.js.map":"4f5ac859ab9a1a966005a4a33cbb90e70ce7691d2e7f851246a7cdca234c1bff","/static/media/robinhood.d4c5626b.svg":"b175de58b6729f46dc1b3734b84279eea85938c226cd2cbea509b5717edad957","/static/media/stock.ef9ad219.svg":"176944a6ca1f08b2f25d7f7e1fe9e87dc60b3a1f08ec0d29a3b99884d84d4362","/robots.txt":"391d14b3c2f8c9143a27a28c7399585142228d4d1bdbe2c87ac946de411fa9a2","/static/js/main.94be7377.chunk.js":"b2f10f1ff6e998037c8b0e31edc85cfe8becfbfee34c8e72cf1576be712ba612","/static/js/main.94be7377.chunk.js.map":"64f2ebcac3035553a1c0236e8038ce43d644f2b129264b74039639d26b308186","/static/js/2.dc897b73.chunk.js":"c6902d9888fe58d15e72a3d1e315af32d2e66fee60fee1eead553f20ea37d512","/static/js/2.dc897b73.chunk.js.map":"2b0012c504321ec26211c10da1bce8b6fe7aed780cde6001107b4a44c284af3d"}}
[debug] [2021-07-22T12:49:31.235Z] <<< [apiv2][status] POST https://firebasehosting.googleapis.com/v1beta1/sites/robinhood--97/versions/c3ccee9a66d92cbf:populateFiles 200
[debug] [2021-07-22T12:49:31.235Z] <<< [apiv2][body] POST https://firebasehosting.googleapis.com/v1beta1/sites/robinhood--97/versions/c3ccee9a66d92cbf:populateFiles {"uploadRequiredHashes":["2b0012c504321ec26211c10da1bce8b6fe7aed780cde6001107b4a44c284af3d","3272de51036c34afb7ea6c2ff267306dcd6bb5282b2c43a9a210b963c4b6541f","dae8e890ac8d2cce34600255ba771ad40e3655f9d3c9cd4b2f4c64bf7e54c1eb","64f2ebcac3035553a1c0236e8038ce43d644f2b129264b74039639d26b308186","b2f10f1ff6e998037c8b0e31edc85cfe8becfbfee34c8e72cf1576be712ba612","c6902d9888fe58d15e72a3d1e315af32d2e66fee60fee1eead553f20ea37d512"],"uploadUrl":"https://upload-firebasehosting.googleapis.com/upload/sites/robinhood--97/versions/c3ccee9a66d92cbf/files"}
[debug] [2021-07-22T12:49:31.237Z] >>> [apiv2][query] POST https://upload-firebasehosting.googleapis.com/upload/sites/robinhood--97/versions/c3ccee9a66d92cbf/files/2b0012c504321ec26211c10da1bce8b6fe7aed780cde6001107b4a44c284af3d [none]
[debug] [2021-07-22T12:49:31.237Z] >>> [apiv2][body] POST https://upload-firebasehosting.googleapis.com/upload/sites/robinhood--97/versions/c3ccee9a66d92cbf/files/2b0012c504321ec26211c10da1bce8b6fe7aed780cde6001107b4a44c284af3d [stream]
[debug] [2021-07-22T12:49:31.238Z] >>> [apiv2][query] POST https://upload-firebasehosting.googleapis.com/upload/sites/robinhood--97/versions/c3ccee9a66d92cbf/files/3272de51036c34afb7ea6c2ff267306dcd6bb5282b2c43a9a210b963c4b6541f [none]
[debug] [2021-07-22T12:49:31.238Z] >>> [apiv2][body] POST https://upload-firebasehosting.googleapis.com/upload/sites/robinhood--97/versions/c3ccee9a66d92cbf/files/3272de51036c34afb7ea6c2ff267306dcd6bb5282b2c43a9a210b963c4b6541f [stream]
[debug] [2021-07-22T12:49:31.238Z] >>> [apiv2][query] POST https://upload-firebasehosting.googleapis.com/upload/sites/robinhood--97/versions/c3ccee9a66d92cbf/files/dae8e890ac8d2cce34600255ba771ad40e3655f9d3c9cd4b2f4c64bf7e54c1eb [none]
[debug] [2021-07-22T12:49:31.239Z] >>> [apiv2][body] POST https://upload-firebasehosting.googleapis.com/upload/sites/robinhood--97/versions/c3ccee9a66d92cbf/files/dae8e890ac8d2cce34600255ba771ad40e3655f9d3c9cd4b2f4c64bf7e54c1eb [stream]
[debug] [2021-07-22T12:49:31.239Z] >>> [apiv2][query] POST https://upload-firebasehosting.googleapis.com/upload/sites/robinhood--97/versions/c3ccee9a66d92cbf/files/64f2ebcac3035553a1c0236e8038ce43d644f2b129264b74039639d26b308186 [none]
[debug] [2021-07-22T12:49:31.239Z] >>> [apiv2][body] POST https://upload-firebasehosting.googleapis.com/upload/sites/robinhood--97/versions/c3ccee9a66d92cbf/files/64f2ebcac3035553a1c0236e8038ce43d644f2b129264b74039639d26b308186 [stream]
[debug] [2021-07-22T12:49:31.240Z] >>> [apiv2][query] POST https://upload-firebasehosting.googleapis.com/upload/sites/robinhood--97/versions/c3ccee9a66d92cbf/files/b2f10f1ff6e998037c8b0e31edc85cfe8becfbfee34c8e72cf1576be712ba612 [none]
[debug] [2021-07-22T12:49:31.240Z] >>> [apiv2][body] POST https://upload-firebasehosting.googleapis.com/upload/sites/robinhood--97/versions/c3ccee9a66d92cbf/files/b2f10f1ff6e998037c8b0e31edc85cfe8becfbfee34c8e72cf1576be712ba612 [stream]
[debug] [2021-07-22T12:49:31.240Z] >>> [apiv2][query] POST https://upload-firebasehosting.googleapis.com/upload/sites/robinhood--97/versions/c3ccee9a66d92cbf/files/c6902d9888fe58d15e72a3d1e315af32d2e66fee60fee1eead553f20ea37d512 [none]
[debug] [2021-07-22T12:49:31.240Z] >>> [apiv2][body] POST https://upload-firebasehosting.googleapis.com/upload/sites/robinhood--97/versions/c3ccee9a66d92cbf/files/c6902d9888fe58d15e72a3d1e315af32d2e66fee60fee1eead553f20ea37d512 [stream]
[debug] [2021-07-22T12:49:31.241Z] [hosting][populate queue][FINAL] {"max":911,"min":911,"avg":911,"active":0,"complete":1,"success":1,"errored":0,"retried":0,"total":1,"elapsed":915}
[debug] [2021-07-22T12:49:31.241Z] [hosting] uploads queued: 6
[debug] [2021-07-22T12:49:32.204Z] <<< [apiv2][status] POST https://upload-firebasehosting.googleapis.com/upload/sites/robinhood--97/versions/c3ccee9a66d92cbf/files/3272de51036c34afb7ea6c2ff267306dcd6bb5282b2c43a9a210b963c4b6541f 200
[debug] [2021-07-22T12:49:32.205Z] <<< [apiv2][body] POST https://upload-firebasehosting.googleapis.com/upload/sites/robinhood--97/versions/c3ccee9a66d92cbf/files/3272de51036c34afb7ea6c2ff267306dcd6bb5282b2c43a9a210b963c4b6541f [stream]
[debug] [2021-07-22T12:49:32.205Z] <<< [apiv2][status] POST https://upload-firebasehosting.googleapis.com/upload/sites/robinhood--97/versions/c3ccee9a66d92cbf/files/dae8e890ac8d2cce34600255ba771ad40e3655f9d3c9cd4b2f4c64bf7e54c1eb 200
[debug] [2021-07-22T12:49:32.205Z] <<< [apiv2][body] POST https://upload-firebasehosting.googleapis.com/upload/sites/robinhood--97/versions/c3ccee9a66d92cbf/files/dae8e890ac8d2cce34600255ba771ad40e3655f9d3c9cd4b2f4c64bf7e54c1eb [stream]
[debug] [2021-07-22T12:49:32.208Z] <<< [apiv2][status] POST https://upload-firebasehosting.googleapis.com/upload/sites/robinhood--97/versions/c3ccee9a66d92cbf/files/b2f10f1ff6e998037c8b0e31edc85cfe8becfbfee34c8e72cf1576be712ba612 200
[debug] [2021-07-22T12:49:32.208Z] <<< [apiv2][body] POST https://upload-firebasehosting.googleapis.com/upload/sites/robinhood--97/versions/c3ccee9a66d92cbf/files/b2f10f1ff6e998037c8b0e31edc85cfe8becfbfee34c8e72cf1576be712ba612 [stream]
[debug] [2021-07-22T12:49:32.237Z] <<< [apiv2][status] POST https://upload-firebasehosting.googleapis.com/upload/sites/robinhood--97/versions/c3ccee9a66d92cbf/files/64f2ebcac3035553a1c0236e8038ce43d644f2b129264b74039639d26b308186 200
[debug] [2021-07-22T12:49:32.237Z] <<< [apiv2][body] POST https://upload-firebasehosting.googleapis.com/upload/sites/robinhood--97/versions/c3ccee9a66d92cbf/files/64f2ebcac3035553a1c0236e8038ce43d644f2b129264b74039639d26b308186 [stream]
[debug] [2021-07-22T12:49:32.476Z] <<< [apiv2][status] POST https://upload-firebasehosting.googleapis.com/upload/sites/robinhood--97/versions/c3ccee9a66d92cbf/files/c6902d9888fe58d15e72a3d1e315af32d2e66fee60fee1eead553f20ea37d512 200
[debug] [2021-07-22T12:49:32.476Z] <<< [apiv2][body] POST https://upload-firebasehosting.googleapis.com/upload/sites/robinhood--97/versions/c3ccee9a66d92cbf/files/c6902d9888fe58d15e72a3d1e315af32d2e66fee60fee1eead553f20ea37d512 [stream]
[debug] [2021-07-22T12:49:35.379Z] <<< [apiv2][status] POST https://upload-firebasehosting.googleapis.com/upload/sites/robinhood--97/versions/c3ccee9a66d92cbf/files/2b0012c504321ec26211c10da1bce8b6fe7aed780cde6001107b4a44c284af3d 200
[debug] [2021-07-22T12:49:35.379Z] <<< [apiv2][body] POST https://upload-firebasehosting.googleapis.com/upload/sites/robinhood--97/versions/c3ccee9a66d92cbf/files/2b0012c504321ec26211c10da1bce8b6fe7aed780cde6001107b4a44c284af3d [stream]
[debug] [2021-07-22T12:49:35.380Z] [hosting][upload queue][FINAL] {"max":4145,"min":969,"avg":1549.3333333333333,"active":0,"complete":6,"success":6,"errored":0,"retried":0,"total":6,"elapsed":4145}
[info] ✔  hosting[robinhood--97]: file upload complete 
[debug] [2021-07-22T12:49:35.380Z] [hosting] deploy completed after 8204ms
[debug] [2021-07-22T12:49:35.384Z] [
  {
    "config": {
      "public": "build",
      "ignore": [
        "firebase.json",
        "**/.*",
        "**/node_modules/**"
      ],
      "rewrites": [
        {
          "source": "**",
          "destination": "/index.html"
        }
      ],
      "site": "robinhood--97"
    },
    "site": "robinhood--97",
    "version": "sites/robinhood--97/versions/c3ccee9a66d92cbf"
  }
]
[info] i  hosting[robinhood--97]: finalizing version... 
[debug] [2021-07-22T12:49:35.385Z] > refreshing access token with scopes: ["email","https://www.googleapis.com/auth/cloud-platform","https://www.googleapis.com/auth/cloudplatformprojects.readonly","https://www.googleapis.com/auth/firebase","openid"]
[debug] [2021-07-22T12:49:35.385Z] >>> HTTP REQUEST POST https://www.googleapis.com/oauth2/v3/token  
 <request body omitted>
[debug] [2021-07-22T12:49:35.487Z] <<< HTTP RESPONSE 200 {"pragma":"no-cache","expires":"Mon, 01 Jan 1990 00:00:00 GMT","cache-control":"no-cache, no-store, max-age=0, must-revalidate","date":"Thu, 22 Jul 2021 12:49:35 GMT","content-type":"application/json; charset=utf-8","vary":"X-Origin, Referer, Origin,Accept-Encoding","server":"scaffolding on HTTPServer2","x-xss-protection":"0","x-frame-options":"SAMEORIGIN","x-content-type-options":"nosniff","alt-svc":"h3=\":443\"; ma=2592000,h3-29=\":443\"; ma=2592000,h3-T051=\":443\"; ma=2592000,h3-Q050=\":443\"; ma=2592000,h3-Q046=\":443\"; ma=2592000,h3-Q043=\":443\"; ma=2592000,quic=\":443\"; ma=2592000; v=\"46,43\"","accept-ranges":"none","transfer-encoding":"chunked"}
[debug] [2021-07-22T12:49:35.530Z] >>> HTTP REQUEST PATCH https://firebasehosting.googleapis.com/v1beta1/sites/robinhood--97/versions/c3ccee9a66d92cbf?updateMask=status  
 {"status":"FINALIZED"}
[debug] [2021-07-22T12:49:36.045Z] <<< HTTP RESPONSE 200 {"content-type":"application/json; charset=UTF-8","vary":"X-Origin, Referer, Origin,Accept-Encoding","date":"Thu, 22 Jul 2021 12:49:36 GMT","server":"ESF","cache-control":"private","x-xss-protection":"0","x-frame-options":"SAMEORIGIN","x-content-type-options":"nosniff","alt-svc":"h3=\":443\"; ma=2592000,h3-29=\":443\"; ma=2592000,h3-T051=\":443\"; ma=2592000,h3-Q050=\":443\"; ma=2592000,h3-Q046=\":443\"; ma=2592000,h3-Q043=\":443\"; ma=2592000,quic=\":443\"; ma=2592000; v=\"46,43\"","accept-ranges":"none","transfer-encoding":"chunked"}
[debug] [2021-07-22T12:49:36.045Z] [hosting] finalized version for robinhood--97: {"name":"sites/robinhood--97/versions/c3ccee9a66d92cbf","status":"FINALIZED","config":{"rewrites":[{"glob":"**","path":"/index.html"}]},"labels":{"deployment-tool":"cli-firebase"},"createTime":"2021-07-22T12:49:26.768935Z","createUser":{"email":"patel7darshan97@gmail.com"},"finalizeTime":"2021-07-22T12:49:36.057386Z","finalizeUser":{"email":"patel7darshan97@gmail.com"}}
[info] ✔  hosting[robinhood--97]: version finalized 
[info] i  hosting[robinhood--97]: releasing new version... 
[debug] [2021-07-22T12:49:36.046Z] >>> HTTP REQUEST POST https://firebasehosting.googleapis.com/v1beta1/sites/robinhood--97/releases?version_name=sites/robinhood--97/versions/c3ccee9a66d92cbf  
 {"message":null}
